<?xml version="1.0" encoding="UTF-8"?>
<!-- Generated by org.testng.reporters.JUnitReportReporter -->
<testsuite hostname="DESKTOP-3JG0K1M" failures="0" tests="4" name="swagLab.TestRunner" time="14.044" errors="0" timestamp="2023-01-25T11:05:05 GMT" skipped="0">
  <testcase classname="swagLab.TestRunner" name="checkoutAnItem" time="2.579"/>
  <system-out>
    <![CDATA[Logged in as Standard User
Added two items to cart
Clicked on Cart button
Clicked on Checkout button
Entered user information 
Clicked on Continue button on checkout page
Verified Items Total price without tax
Verified total price including tax]]>
  </system-out>
  <testcase classname="swagLab.TestRunner" name="checkLockeduser" time="2.214"/>
  <system-out>
    <![CDATA[Trying to login as Locked User]]>
  </system-out>
  <testcase classname="swagLab.TestRunner" name="checkProblemUser" time="1.799"/>
  <system-out>
    <![CDATA[Logged in as Problem User
Same images are displayes for more than one product]]>
  </system-out>
  <testcase classname="swagLab.TestRunner" name="checkPerformanceGlitchUser" time="7.452"/>
  <system-out>
    <![CDATA[Logged in as Performance Glitch User
Added two items to cart
Clicked on Cart button
Clicked on Checkout button
Entered user information 
Clicked on Continue button on checkout page
Verified Items Total price without tax
Verified total price including tax]]>
  </system-out>
</testsuite> <!-- swagLab.TestRunner -->
