<?xml version="1.0" encoding="UTF-8"?>
<!-- Generated by org.testng.reporters.JUnitReportReporter -->
<testsuite hostname="S006901" failures="0" tests="4" name="swagLab.TestRunner" time="17.545" errors="0" timestamp="24 Jan 2023 21:16:27 GMT">
  <testcase classname="swagLab.TestRunner" name="checkProblemUser" time="1.800"/>
  <testcase classname="swagLab.TestRunner" name="checkPerformanceGlitchUser" time="11.602"/>
  <testcase classname="swagLab.TestRunner" name="checkLockeduser" time="1.867"/>
  <testcase classname="swagLab.TestRunner" name="checkoutAnItem" time="2.276"/>
</testsuite> <!-- swagLab.TestRunner -->
